<?xml version="1.0" encoding="UTF-8"?>
<beans xmlns="http://www.springframework.org/schema/beans"
       xmlns:xsi="http://www.w3.org/2001/XMLSchema-instance"
       xmlns:context="http://www.springframework.org/schema/context"
       xsi:schemaLocation="http://www.springframework.org/schema/beans http://www.springframework.org/schema/beans/spring-beans-4.0.xsd
       					   http://www.springframework.org/schema/context http://www.springframework.org/schema/context/spring-context-4.0.xsd"
       default-autowire="byName">

    <context:property-placeholder location="classpath*:basic/junitBasicTest.properties"/>

    <import resource="classpath:amps.xml"/>
    <import resource="classpath:functions.xml"/>

    <bean id="jetFuelExecute" class="headfront.jetfuel.execute.impl.AmpsJetFuelExecute"
          init-method="initialise">
        <constructor-arg index="0" ref="haClient"/>
        <constructor-arg index="1" ref="jsonMapper"/>
        <property name="functionIDGenerator" ref="testIDGenerator" />
    </bean>


</beans>